<?xml version="1.0" encoding="UTF-8"?>
<!-- Generated by org.testng.reporters.JUnitXMLReporter -->
<testsuite hostname="YogeshPatil" name="Test" tests="4" failures="0" timestamp="9 Sep 2018 11:27:24 GMT" time="50.913" errors="0">
  <testcase name="chechLoginButton" time="4.175" classname="com.myntra.testframework.testcases.LoginPageTestCases"/>
  <testcase name="checkLoginSignUpLink" time="4.544" classname="com.myntra.testframework.testcases.LoginPageTestCases"/>
  <testcase name="checkYourAccountLink" time="0.001" classname="com.myntra.testframework.testcases.LoginPageTestCases"/>
  <testcase name="tabsPresentOrNot" time="4.497" classname="com.myntra.testframework.testcases.HomePageTestCases"/>
</testsuite> <!-- Test -->
