<?xml version="1.0" encoding="UTF-8"?>
<testsuite xmlns:xsi="http://www.w3.org/2001/XMLSchema-instance" xsi:noNamespaceSchemaLocation="https://maven.apache.org/surefire/maven-surefire-plugin/xsd/surefire-test-report.xsd" name="TestSuite" time="52.227" tests="4" errors="0" skipped="0" failures="0">
  <properties>
[...]
</properties>
  <testcase name="chechLoginButton" classname="com.myntra.testframework.testcases.LoginPageTestCases" time="4.173"/>
  <testcase name="checkLoginSignUpLink" classname="com.myntra.testframework.testcases.LoginPageTestCases" time="4.544"/>
  <testcase name="checkYourAccountLink" classname="com.myntra.testframework.testcases.LoginPageTestCases" time="0"/>
  <testcase name="tabsPresentOrNot" classname="com.myntra.testframework.testcases.HomePageTestCases" time="4.495"/>
</testsuite>